Release 13.4 - xst O.87xd (nt)
Copyright (c) 1995-2011 Xilinx, Inc.  All rights reserved.
--> Parameter TMPDIR set to xst/projnav.tmp


Total REAL time to Xst completion: 0.00 secs
Total CPU time to Xst completion: 0.12 secs
 
--> Parameter xsthdpdir set to xst


Total REAL time to Xst completion: 0.00 secs
Total CPU time to Xst completion: 0.12 secs
 
--> Reading design: SystemSchematic.prj

TABLE OF CONTENTS
  1) Synthesis Options Summary
  2) HDL Compilation
  3) Design Hierarchy Analysis
  4) HDL Analysis
  5) HDL Synthesis
     5.1) HDL Synthesis Report
  6) Advanced HDL Synthesis
     6.1) Advanced HDL Synthesis Report
  7) Low Level Synthesis
  8) Partition Report
  9) Final Report
	9.1) Device utilization summary
	9.2) Partition Resource Summary
	9.3) TIMING REPORT


=========================================================================
*                      Synthesis Options Summary                        *
=========================================================================
---- Source Parameters
Input File Name                    : "SystemSchematic.prj"
Input Format                       : mixed
Ignore Synthesis Constraint File   : NO

---- Target Parameters
Output File Name                   : "SystemSchematic"
Output Format                      : NGC
Target Device                      : xc3s100e-5-cp132

---- Source Options
Top Module Name                    : SystemSchematic
Automatic FSM Extraction           : YES
FSM Encoding Algorithm             : Auto
Safe Implementation                : No
FSM Style                          : LUT
RAM Extraction                     : Yes
RAM Style                          : Auto
ROM Extraction                     : Yes
Mux Style                          : Auto
Decoder Extraction                 : YES
Priority Encoder Extraction        : Yes
Shift Register Extraction          : YES
Logical Shifter Extraction         : YES
XOR Collapsing                     : YES
ROM Style                          : Auto
Mux Extraction                     : Yes
Resource Sharing                   : YES
Asynchronous To Synchronous        : NO
Multiplier Style                   : Auto
Automatic Register Balancing       : No

---- Target Options
Add IO Buffers                     : YES
Global Maximum Fanout              : 100000
Add Generic Clock Buffer(BUFG)     : 24
Register Duplication               : YES
Slice Packing                      : YES
Optimize Instantiated Primitives   : NO
Use Clock Enable                   : Yes
Use Synchronous Set                : Yes
Use Synchronous Reset              : Yes
Pack IO Registers into IOBs        : Auto
Equivalent register Removal        : YES

---- General Options
Optimization Goal                  : Speed
Optimization Effort                : 1
Keep Hierarchy                     : No
Netlist Hierarchy                  : As_Optimized
RTL Output                         : Yes
Global Optimization                : AllClockNets
Read Cores                         : YES
Write Timing Constraints           : NO
Cross Clock Analysis               : NO
Hierarchy Separator                : /
Bus Delimiter                      : <>
Case Specifier                     : Maintain
Slice Utilization Ratio            : 100
BRAM Utilization Ratio             : 100
Verilog 2001                       : YES
Auto BRAM Packing                  : NO
Slice Utilization Ratio Delta      : 5

=========================================================================


=========================================================================
*                          HDL Compilation                              *
=========================================================================
Compiling vhdl file "C:/Users/jdparry/Documents/441Final/441CORDIC/CORDICController/ALU.vhd" in Library work.
Architecture thetaprovided of Entity alu is up to date.
Compiling vhdl file "C:/Users/jdparry/Documents/441Final/441CORDIC/CORDICController/bin_mem.vhd" in Library work.
Architecture behavioral of Entity binmem is up to date.
Compiling vhdl file "C:/Users/jdparry/Documents/441Final/441CORDIC/CORDICController/Comparator.vhd" in Library work.
Architecture behavioral of Entity comparator is up to date.
Compiling vhdl file "C:/Users/jdparry/Documents/441Final/441CORDIC/CORDICController/Controller.vhd" in Library work.
Architecture behavioral of Entity controller is up to date.
Compiling vhdl file "C:/Users/jdparry/Documents/441Final/441CORDIC/CORDICController/Register.vhd" in Library work.
Architecture behavioural of Entity register_file is up to date.
Compiling vhdl file "C:/Users/jdparry/Documents/441Final/441CORDIC/CORDICController/SystemSchematic.vhf" in Library work.
Entity <SystemSchematic> compiled.
Entity <SystemSchematic> (Architecture <BEHAVIORAL>) compiled.

=========================================================================
*                     Design Hierarchy Analysis                         *
=========================================================================
Analyzing hierarchy for entity <SystemSchematic> in library <work> (architecture <BEHAVIORAL>).

Analyzing hierarchy for entity <ALU> in library <work> (architecture <thetaprovided>).

Analyzing hierarchy for entity <Controller> in library <work> (architecture <behavioral>).

Analyzing hierarchy for entity <register_file> in library <work> (architecture <behavioural>).


=========================================================================
*                            HDL Analysis                               *
=========================================================================
Analyzing Entity <SystemSchematic> in library <work> (Architecture <BEHAVIORAL>).
WARNING:Xst:2211 - "C:/Users/jdparry/Documents/441Final/441CORDIC/CORDICController/SystemSchematic.vhf" line 131: Instantiating black box module <BinMem>.
WARNING:Xst:2211 - "C:/Users/jdparry/Documents/441Final/441CORDIC/CORDICController/SystemSchematic.vhf" line 137: Instantiating black box module <Comparator>.
Entity <SystemSchematic> analyzed. Unit <SystemSchematic> generated.

Analyzing Entity <ALU> in library <work> (Architecture <thetaprovided>).
ERROR:Xst:841 - "C:/Users/jdparry/Documents/441Final/441CORDIC/CORDICController/ALU.vhd" line 159: Bad condition in wait statement, or only one clock per process.
--> 

Total memory usage is 201804 kilobytes

Number of errors   :    1 (   0 filtered)
Number of warnings :    2 (   0 filtered)
Number of infos    :    0 (   0 filtered)

